<?xml version="1.0" encoding="UTF-8"?>
<!-- Generated by org.testng.reporters.JUnitXMLReporter -->
<testsuite ignored="3" hostname="DESKTOP-HIN4ESK" failures="0" tests="1" name="Default test" time="9.35" errors="0" timestamp="2024-08-14T08:01:06 IST">
  <testcase classname="Tests.SignupTest" name="loginvalues" time="6.366"/>
  <testcase classname="Tests.HomeTest" name="homepagesigntest" time="0.0">
    <ignored/>
  </testcase> <!-- homepagesigntest -->
  <testcase classname="Tests.HomeTest" name="homepagetitlecheck" time="0.0">
    <ignored/>
  </testcase> <!-- homepagetitlecheck -->
  <testcase classname="Tests.HomeTest" name="homepagelogintest" time="0.0">
    <ignored/>
  </testcase> <!-- homepagelogintest -->
</testsuite> <!-- Default test -->
