<?xml version="1.0" encoding="UTF-8"?>
<!-- Generated by org.testng.reporters.JUnitXMLReporter -->
<testsuite ignored="0" hostname="DESKTOP-HIN4ESK" failures="0" tests="5" name="Test" time="29.236" errors="0" timestamp="2024-08-14T09:17:14 IST">
  <testcase classname="Tests.HomeTest" name="homepagetitlecheck" time="2.058"/>
  <testcase classname="Tests.LoginTest" name="logintest" time="6.351"/>
  <testcase classname="Tests.SignupTest" name="loginvalues" time="6.69"/>
  <testcase classname="Tests.HomeTest" name="homepagesigntest" time="2.102"/>
  <testcase classname="Tests.HomeTest" name="homepagelogintest" time="2.458"/>
</testsuite> <!-- Test -->
