<?xml version="1.0" encoding="UTF-8"?>
<testng-results ignored="0" total="5" passed="5" failed="0" skipped="0">
  <reporter-output>
  </reporter-output>
  <suite started-at="2024-08-14T09:16:45 IST" name="Suite" finished-at="2024-08-14T09:17:14 IST" duration-ms="29236">
    <groups>
    </groups>
    <test started-at="2024-08-14T09:16:45 IST" name="Test" finished-at="2024-08-14T09:17:14 IST" duration-ms="29236">
      <class name="Tests.LoginTest">
        <test-method is-config="true" signature="browserlaunchbase(java.lang.String,java.lang.String)[pri:0, instance:Tests.LoginTest@4d5650ae]" started-at="2024-08-14T09:16:45 IST" name="browserlaunchbase" finished-at="2024-08-14T09:16:48 IST" duration-ms="2471" status="PASS">
          <params>
            <param index="0">
              <value>
                <![CDATA[chrome]]>
              </value>
            </param>
            <param index="1">
              <value>
                <![CDATA[https://www.demoblaze.com/]]>
              </value>
            </param>
          </params>
          <reporter-output>
          </reporter-output>
        </test-method> <!-- browserlaunchbase -->
        <test-method signature="homepagetitlecheck()[pri:0, instance:Tests.LoginTest@4d5650ae]" started-at="2024-08-14T09:16:48 IST" name="homepagetitlecheck" finished-at="2024-08-14T09:16:50 IST" duration-ms="2058" status="PASS">
          <reporter-output>
          </reporter-output>
        </test-method> <!-- homepagetitlecheck -->
        <test-method is-config="true" signature="closebrowserbase()[pri:0, instance:Tests.LoginTest@4d5650ae]" started-at="2024-08-14T09:16:50 IST" name="closebrowserbase" finished-at="2024-08-14T09:16:50 IST" duration-ms="123" status="PASS">
          <reporter-output>
          </reporter-output>
        </test-method> <!-- closebrowserbase -->
        <test-method is-config="true" signature="browserlaunchbase(java.lang.String,java.lang.String)[pri:0, instance:Tests.LoginTest@4d5650ae]" started-at="2024-08-14T09:16:50 IST" name="browserlaunchbase" finished-at="2024-08-14T09:16:52 IST" duration-ms="1981" status="PASS">
          <params>
            <param index="0">
              <value>
                <![CDATA[chrome]]>
              </value>
            </param>
            <param index="1">
              <value>
                <![CDATA[https://www.demoblaze.com/]]>
              </value>
            </param>
          </params>
          <reporter-output>
          </reporter-output>
        </test-method> <!-- browserlaunchbase -->
        <test-method signature="logintest()[pri:0, instance:Tests.LoginTest@4d5650ae]" started-at="2024-08-14T09:16:52 IST" name="logintest" finished-at="2024-08-14T09:16:58 IST" duration-ms="6351" status="PASS">
          <reporter-output>
          </reporter-output>
        </test-method> <!-- logintest -->
        <test-method is-config="true" signature="closebrowserbase()[pri:0, instance:Tests.LoginTest@4d5650ae]" started-at="2024-08-14T09:16:58 IST" name="closebrowserbase" finished-at="2024-08-14T09:16:58 IST" duration-ms="142" status="PASS">
          <reporter-output>
          </reporter-output>
        </test-method> <!-- closebrowserbase -->
        <test-method is-config="true" signature="browserlaunchbase(java.lang.String,java.lang.String)[pri:0, instance:Tests.LoginTest@4d5650ae]" started-at="2024-08-14T09:16:58 IST" name="browserlaunchbase" finished-at="2024-08-14T09:17:00 IST" duration-ms="1487" status="PASS">
          <params>
            <param index="0">
              <value>
                <![CDATA[chrome]]>
              </value>
            </param>
            <param index="1">
              <value>
                <![CDATA[https://www.demoblaze.com/]]>
              </value>
            </param>
          </params>
          <reporter-output>
          </reporter-output>
        </test-method> <!-- browserlaunchbase -->
        <test-method signature="loginvalues()[pri:0, instance:Tests.LoginTest@4d5650ae]" started-at="2024-08-14T09:17:00 IST" name="loginvalues" finished-at="2024-08-14T09:17:06 IST" duration-ms="6690" status="PASS">
          <reporter-output>
          </reporter-output>
        </test-method> <!-- loginvalues -->
        <test-method is-config="true" signature="closebrowserbase()[pri:0, instance:Tests.LoginTest@4d5650ae]" started-at="2024-08-14T09:17:06 IST" name="closebrowserbase" finished-at="2024-08-14T09:17:07 IST" duration-ms="138" status="PASS">
          <reporter-output>
          </reporter-output>
        </test-method> <!-- closebrowserbase -->
        <test-method is-config="true" signature="browserlaunchbase(java.lang.String,java.lang.String)[pri:0, instance:Tests.LoginTest@4d5650ae]" started-at="2024-08-14T09:17:07 IST" name="browserlaunchbase" finished-at="2024-08-14T09:17:08 IST" duration-ms="1499" status="PASS">
          <params>
            <param index="0">
              <value>
                <![CDATA[chrome]]>
              </value>
            </param>
            <param index="1">
              <value>
                <![CDATA[https://www.demoblaze.com/]]>
              </value>
            </param>
          </params>
          <reporter-output>
          </reporter-output>
        </test-method> <!-- browserlaunchbase -->
        <test-method signature="homepagesigntest()[pri:1, instance:Tests.LoginTest@4d5650ae]" started-at="2024-08-14T09:17:08 IST" name="homepagesigntest" finished-at="2024-08-14T09:17:10 IST" duration-ms="2102" status="PASS">
          <reporter-output>
          </reporter-output>
        </test-method> <!-- homepagesigntest -->
        <test-method is-config="true" signature="closebrowserbase()[pri:0, instance:Tests.LoginTest@4d5650ae]" started-at="2024-08-14T09:17:10 IST" name="closebrowserbase" finished-at="2024-08-14T09:17:10 IST" duration-ms="124" status="PASS">
          <reporter-output>
          </reporter-output>
        </test-method> <!-- closebrowserbase -->
        <test-method is-config="true" signature="browserlaunchbase(java.lang.String,java.lang.String)[pri:0, instance:Tests.LoginTest@4d5650ae]" started-at="2024-08-14T09:17:10 IST" name="browserlaunchbase" finished-at="2024-08-14T09:17:12 IST" duration-ms="1461" status="PASS">
          <params>
            <param index="0">
              <value>
                <![CDATA[chrome]]>
              </value>
            </param>
            <param index="1">
              <value>
                <![CDATA[https://www.demoblaze.com/]]>
              </value>
            </param>
          </params>
          <reporter-output>
          </reporter-output>
        </test-method> <!-- browserlaunchbase -->
        <test-method signature="homepagelogintest()[pri:2, instance:Tests.LoginTest@4d5650ae]" started-at="2024-08-14T09:17:12 IST" name="homepagelogintest" finished-at="2024-08-14T09:17:14 IST" duration-ms="2458" status="PASS">
          <reporter-output>
          </reporter-output>
        </test-method> <!-- homepagelogintest -->
        <test-method is-config="true" signature="closebrowserbase()[pri:0, instance:Tests.LoginTest@4d5650ae]" started-at="2024-08-14T09:17:14 IST" name="closebrowserbase" finished-at="2024-08-14T09:17:14 IST" duration-ms="122" status="PASS">
          <reporter-output>
          </reporter-output>
        </test-method> <!-- closebrowserbase -->
      </class> <!-- Tests.LoginTest -->
    </test> <!-- Test -->
  </suite> <!-- Suite -->
</testng-results>
